<?xml version="1.0" encoding="UTF-8"?>
<!-- Generated by org.testng.reporters.JUnitReportReporter -->
<testsuite skipped="0" hostname="nagendra-ThinkPad-X220" name="com.example.javascripterrormsg.FacebookTest" tests="1" failures="0" timestamp="03 Jun 2018 09:57:23 GMT" time="10.008" errors="0">
  <testcase name="facebookTest" time="10.008" classname="com.example.javascripterrormsg.FacebookTest"/>
</testsuite> <!-- com.example.javascripterrormsg.FacebookTest -->
