<?xml version="1.0" encoding="UTF-8"?>
<!-- Generated by org.testng.reporters.JUnitReportReporter -->
<testsuite skipped="0" hostname="nagendra-ThinkPad-X220" name="com.example.testng.ExampleTest" tests="1" failures="0" timestamp="03 Jun 2018 09:57:23 GMT" time="8.175" errors="0">
  <testcase name="test" time="8.175" classname="com.example.testng.ExampleTest"/>
</testsuite> <!-- com.example.testng.ExampleTest -->
