<?xml version="1.0" encoding="UTF-8"?>
<!-- Generated by org.testng.reporters.JUnitReportReporter -->
<testsuite skipped="0" hostname="nagendra-ThinkPad-X220" name="com.example.testSeleniumQuestions.NewTab" tests="1" failures="0" timestamp="23 Jun 2018 06:33:26 GMT" time="11.012" errors="0">
  <testcase name="newTabTest" time="11.012" classname="com.example.testSeleniumQuestions.NewTab"/>
</testsuite> <!-- com.example.testSeleniumQuestions.NewTab -->
