<?xml version="1.0" encoding="UTF-8"?>
<!-- Generated by org.testng.reporters.JUnitReportReporter -->
<testsuite skipped="0" hostname="nagendra-ThinkPad-X220" name="com.example.datatable.ExampleDataTable" tests="1" failures="0" timestamp="23 Jun 2018 06:21:24 GMT" time="11.165" errors="0">
  <testcase name="testDataTable" time="11.165" classname="com.example.datatable.ExampleDataTable"/>
</testsuite> <!-- com.example.datatable.ExampleDataTable -->
